hpc3-2401
hpc3-2401
hpc3-2401
hpc3-2401
hpc3-2401
hpc3-2401
hpc3-2401
hpc3-2401
hpc3-2401
hpc3-2401
hpc3-2401
hpc3-2401
hpc3-2401
hpc3-2401
hpc3-2401
hpc3-2401
hpc3-2401
hpc3-2401
hpc3-2401
hpc3-2401
hpc3-2401
hpc3-2401
hpc3-2401
hpc3-2401
hpc3-2401
hpc3-2401
hpc3-2401
hpc3-2401
/home/esrf/celestre/miniconda3/bin/mpirun
PATH=/home/esrf/celestre/miniconda3/bin:/usr/local/bin:/usr/bin:/bin:/usr/local/games:/usr/games:/usr/local/gd1/Scripts:/usr/local/gd1/Linux-x86_64:/sware/exp/gnxas/debian8:/opt/oar/utilities:/opt/puppetlabs/bin:/opt/pxsoft/bin:/sware/pub/pycharm/pycharm-community-2017.2.3/bin:.
CONDA_PYTHON_EXE=/home/esrf/celestre/miniconda3/bin/python
mpiexec -machinefile /var/lib/oar/229038 -n 28 -env btl tcp,self -env btl_tcp_if_exclude ib0,lo,docker0 -launcher ssh -launcher-exec /usr/bin/oarsh python source_intensity.py command_oriented_history
