hpc3-2804
hpc3-2804
hpc3-2804
hpc3-2804
hpc3-2804
hpc3-2804
hpc3-2804
hpc3-2804
hpc3-2804
hpc3-2804
hpc3-2804
hpc3-2804
hpc3-2804
hpc3-2804
hpc3-2804
hpc3-2804
hpc3-2804
hpc3-2804
hpc3-2804
hpc3-2804
hpc3-2804
hpc3-2804
hpc3-2804
hpc3-2804
hpc3-2804
hpc3-2804
hpc3-2804
hpc3-2804
/users/celestre/miniconda3/bin/mpirun
PATH=/users/celestre/miniconda3/bin:/usr/local/bin:/usr/bin:/bin:/usr/local/games:/usr/games:/usr/local/gd1/Scripts:/usr/local/gd1/Linux-x86_64:/sware/exp/gnxas/debian8:/opt/oar/utilities:/opt/puppetlabs/bin:/opt/pxsoft/bin:/sware/pub/pycharm/pycharm-community-2017.2.3/bin:.
CONDA_PYTHON_EXE=/users/celestre/miniconda3/bin/python
mpiexec -machinefile /var/lib/oar/923083 -n 28 -env btl tcp,self -env btl_tcp_if_exclude ib0,lo,docker0 -launcher ssh -launcher-exec /usr/bin/oarsh python config_02_SE.py command_oriented_history
Optical Element Setup: CRL Focal Length: 25.1 m
Optical Element Setup: CRL Focal Length: 42.2 m
Optical Element Setup: CRL Focal Length: 21.3 m
Optical Element Setup: CRL Focal Length: 55.6 m
>> single electron calculations: done
Optical Element Setup: CRL Focal Length: 25.1 m
Optical Element Setup: CRL Focal Length: 42.2 m
Optical Element Setup: CRL Focal Length: 21.3 m
Optical Element Setup: CRL Focal Length: 55.6 m
>> single electron calculations: done
Optical Element Setup: CRL Focal Length: 25.1 m
Optical Element Setup: CRL Focal Length: 42.2 m
Optical Element Setup: CRL Focal Length: 21.3 m
Optical Element Setup: CRL Focal Length: 55.6 m
>> single electron calculations: done
Optical Element Setup: CRL Focal Length: 25.1 m
Optical Element Setup: CRL Focal Length: 42.2 m
Optical Element Setup: CRL Focal Length: 21.3 m
Optical Element Setup: CRL Focal Length: 55.6 m
>> single electron calculations: done
Optical Element Setup: CRL Focal Length: 25.1 m
Optical Element Setup: CRL Focal Length: 42.2 m
Optical Element Setup: CRL Focal Length: 21.3 m
Optical Element Setup: CRL Focal Length: 55.6 m
>> single electron calculations: done
Optical Element Setup: CRL Focal Length: 25.1 m
Optical Element Setup: CRL Focal Length: 42.2 m
Optical Element Setup: CRL Focal Length: 21.3 m
Optical Element Setup: CRL Focal Length: 55.6 m
>> single electron calculations: done
Optical Element Setup: CRL Focal Length: 25.1 m
Optical Element Setup: CRL Focal Length: 42.2 m
Optical Element Setup: CRL Focal Length: 21.3 m
Optical Element Setup: CRL Focal Length: 55.6 m
>> single electron calculations: done
Optical Element Setup: CRL Focal Length: 25.1 m
Optical Element Setup: CRL Focal Length: 42.2 m
Optical Element Setup: CRL Focal Length: 21.3 m
Optical Element Setup: CRL Focal Length: 55.6 m
>> single electron calculations: done
Optical Element Setup: CRL Focal Length: 25.1 m
Optical Element Setup: CRL Focal Length: 42.2 m
Optical Element Setup: CRL Focal Length: 21.3 m
Optical Element Setup: CRL Focal Length: 55.6 m
>> single electron calculations: done
Optical Element Setup: CRL Focal Length: 25.1 m
Optical Element Setup: CRL Focal Length: 42.2 m
Optical Element Setup: CRL Focal Length: 21.3 m
Optical Element Setup: CRL Focal Length: 55.6 m
>> single electron calculations: done
Optical Element Setup: CRL Focal Length: 25.1 m
Optical Element Setup: CRL Focal Length: 42.2 m
Optical Element Setup: CRL Focal Length: 21.3 m
Optical Element Setup: CRL Focal Length: 55.6 m
>> single electron calculations: done
Optical Element Setup: CRL Focal Length: 25.1 m
Optical Element Setup: CRL Focal Length: 42.2 m
Optical Element Setup: CRL Focal Length: 21.3 m
Optical Element Setup: CRL Focal Length: 55.6 m
>> single electron calculations: done
Optical Element Setup: CRL Focal Length: 25.1 m
Optical Element Setup: CRL Focal Length: 42.2 m
Optical Element Setup: CRL Focal Length: 21.3 m
Optical Element Setup: CRL Focal Length: 55.6 m
>> single electron calculations: done
Optical Element Setup: CRL Focal Length: 25.1 m
Optical Element Setup: CRL Focal Length: 42.2 m
Optical Element Setup: CRL Focal Length: 21.3 m
Optical Element Setup: CRL Focal Length: 55.6 m
>> single electron calculations: done
Optical Element Setup: CRL Focal Length: 25.1 m
Optical Element Setup: CRL Focal Length: 42.2 m
Optical Element Setup: CRL Focal Length: 21.3 m
Optical Element Setup: CRL Focal Length: 55.6 m
>> single electron calculations: done
Optical Element Setup: CRL Focal Length: 25.1 m
Optical Element Setup: CRL Focal Length: 42.2 m
Optical Element Setup: CRL Focal Length: 21.3 m
Optical Element Setup: CRL Focal Length: 55.6 m
>> single electron calculations: done
Optical Element Setup: CRL Focal Length: 25.1 m
Optical Element Setup: CRL Focal Length: 42.2 m
Optical Element Setup: CRL Focal Length: 21.3 m
Optical Element Setup: CRL Focal Length: 55.6 m
>> single electron calculations: done
Optical Element Setup: CRL Focal Length: 25.1 m
Optical Element Setup: CRL Focal Length: 42.2 m
Optical Element Setup: CRL Focal Length: 21.3 m
Optical Element Setup: CRL Focal Length: 55.6 m
>> single electron calculations: done
Optical Element Setup: CRL Focal Length: 25.1 m
Optical Element Setup: CRL Focal Length: 42.2 m
Optical Element Setup: CRL Focal Length: 21.3 m
Optical Element Setup: CRL Focal Length: 55.6 m
>> single electron calculations: done
Optical Element Setup: CRL Focal Length: 25.1 m
Optical Element Setup: CRL Focal Length: 42.2 m
Optical Element Setup: CRL Focal Length: 21.3 m
Optical Element Setup: CRL Focal Length: 55.6 m
>> single electron calculations: done
Optical Element Setup: CRL Focal Length: 25.1 m
Optical Element Setup: CRL Focal Length: 42.2 m
Optical Element Setup: CRL Focal Length: 21.3 m
Optical Element Setup: CRL Focal Length: 55.6 m
>> single electron calculations: done
Optical Element Setup: CRL Focal Length: 25.1 m
Optical Element Setup: CRL Focal Length: 42.2 m
Optical Element Setup: CRL Focal Length: 21.3 m
Optical Element Setup: CRL Focal Length: 55.6 m
>> single electron calculations: done
Optical Element Setup: CRL Focal Length: 25.1 m
Optical Element Setup: CRL Focal Length: 42.2 m
Optical Element Setup: CRL Focal Length: 21.3 m
Optical Element Setup: CRL Focal Length: 55.6 m
>> single electron calculations: done
Optical Element Setup: CRL Focal Length: 25.1 m
Optical Element Setup: CRL Focal Length: 42.2 m
Optical Element Setup: CRL Focal Length: 21.3 m
Optical Element Setup: CRL Focal Length: 55.6 m
>> single electron calculations: done
Optical Element Setup: CRL Focal Length: 25.1 m
Optical Element Setup: CRL Focal Length: 42.2 m
Optical Element Setup: CRL Focal Length: 21.3 m
Optical Element Setup: CRL Focal Length: 55.6 m
>> single electron calculations: done
Optical Element Setup: CRL Focal Length: 25.1 m
Optical Element Setup: CRL Focal Length: 42.2 m
Optical Element Setup: CRL Focal Length: 21.3 m
Optical Element Setup: CRL Focal Length: 55.6 m
>> single electron calculations: done
Optical Element Setup: CRL Focal Length: 25.1 m
Optical Element Setup: CRL Focal Length: 42.2 m
Optical Element Setup: CRL Focal Length: 21.3 m
Optical Element Setup: CRL Focal Length: 55.6 m
>> single electron calculations: done
##################################
# transfocators paper: config 02 #
##################################
- Performing Initial Electric Field calculation ... 
Initial wavefront:
Nx = 154, Ny = 154
dx = 12.9870 um, dy = 12.9870 um
range x = 2.0000 mm, range y = 2.0000 mm
- Wavefront curvature:
SRW native calculation: Rx = 35.995611, Ry = 35.995611
Optical Element Setup: CRL Focal Length: 25.1 m
Optical Element Setup: CRL Focal Length: 42.2 m
Optical Element Setup: CRL Focal Length: 21.3 m
Optical Element Setup: CRL Focal Length: 55.6 m
- Simulating Electric Field Wavefront Propagation ... 
Initial wavefront:
Nx = 756, Ny = 756
dx = 0.9743 um, dy = 0.6030 um
range x = 0.7365 mm, range y = 0.4559 mm
- Wavefront curvature:
SRW native calculation: Rx = -1.898119, Ry = 17.988133
>>> saved files
>> single electron calculations: done
- Simulating Partially-Coherent Wavefront Propagation... 
>> multi electron electron calculations: done
>>>> Elapsed time: 3h 18min 47.19152903556824s 
