hpc3-2402
hpc3-2402
hpc3-2402
hpc3-2402
hpc3-2402
hpc3-2402
hpc3-2402
hpc3-2402
hpc3-2402
hpc3-2402
hpc3-2402
hpc3-2402
hpc3-2402
hpc3-2402
hpc3-2402
hpc3-2402
hpc3-2402
hpc3-2402
hpc3-2402
hpc3-2402
hpc3-2402
hpc3-2402
hpc3-2402
hpc3-2402
hpc3-2402
hpc3-2402
hpc3-2402
hpc3-2402
/home/esrf/celestre/miniconda3/bin/mpirun
PATH=/home/esrf/celestre/miniconda3/bin:/usr/local/bin:/usr/bin:/bin:/usr/local/games:/usr/games:/usr/local/gd1/Scripts:/usr/local/gd1/Linux-x86_64:/sware/exp/gnxas/debian8:/opt/oar/utilities:/opt/puppetlabs/bin:/opt/pxsoft/bin:/sware/pub/pycharm/pycharm-community-2017.2.3/bin:.
CONDA_PYTHON_EXE=/home/esrf/celestre/miniconda3/bin/python
mpiexec -machinefile /var/lib/oar/157977 -n 28 -env btl tcp,self -env btl_tcp_if_exclude ib0,lo,docker0 -launcher ssh -launcher-exec /usr/bin/oarsh python config_01_SE.py command_oriented_history
Optical Element Setup: CRL Focal Length: 46.1 m
Optical Element Setup: CRL Focal Length: 15.0 m
Optical Element Setup: CRL Focal Length: 26.5 m
Optical Element Setup: CRL Focal Length: 22.2 m
>> single electron calculations: done
Optical Element Setup: CRL Focal Length: 46.1 m
Optical Element Setup: CRL Focal Length: 15.0 m
Optical Element Setup: CRL Focal Length: 26.5 m
Optical Element Setup: CRL Focal Length: 22.2 m
>> single electron calculations: done
Optical Element Setup: CRL Focal Length: 46.1 m
Optical Element Setup: CRL Focal Length: 15.0 m
Optical Element Setup: CRL Focal Length: 26.5 m
Optical Element Setup: CRL Focal Length: 22.2 m
>> single electron calculations: done
Optical Element Setup: CRL Focal Length: 46.1 m
Optical Element Setup: CRL Focal Length: 15.0 m
Optical Element Setup: CRL Focal Length: 26.5 m
Optical Element Setup: CRL Focal Length: 22.2 m
>> single electron calculations: done
Optical Element Setup: CRL Focal Length: 46.1 m
Optical Element Setup: CRL Focal Length: 15.0 m
Optical Element Setup: CRL Focal Length: 26.5 m
Optical Element Setup: CRL Focal Length: 22.2 m
>> single electron calculations: done
Optical Element Setup: CRL Focal Length: 46.1 m
Optical Element Setup: CRL Focal Length: 15.0 m
Optical Element Setup: CRL Focal Length: 26.5 m
Optical Element Setup: CRL Focal Length: 22.2 m
>> single electron calculations: done
Optical Element Setup: CRL Focal Length: 46.1 m
Optical Element Setup: CRL Focal Length: 15.0 m
Optical Element Setup: CRL Focal Length: 26.5 m
Optical Element Setup: CRL Focal Length: 22.2 m
>> single electron calculations: done
Optical Element Setup: CRL Focal Length: 46.1 m
Optical Element Setup: CRL Focal Length: 15.0 m
Optical Element Setup: CRL Focal Length: 26.5 m
Optical Element Setup: CRL Focal Length: 22.2 m
>> single electron calculations: done
Optical Element Setup: CRL Focal Length: 46.1 m
Optical Element Setup: CRL Focal Length: 15.0 m
Optical Element Setup: CRL Focal Length: 26.5 m
Optical Element Setup: CRL Focal Length: 22.2 m
>> single electron calculations: done
Optical Element Setup: CRL Focal Length: 46.1 m
Optical Element Setup: CRL Focal Length: 15.0 m
Optical Element Setup: CRL Focal Length: 26.5 m
Optical Element Setup: CRL Focal Length: 22.2 m
>> single electron calculations: done
Optical Element Setup: CRL Focal Length: 46.1 m
Optical Element Setup: CRL Focal Length: 15.0 m
Optical Element Setup: CRL Focal Length: 26.5 m
Optical Element Setup: CRL Focal Length: 22.2 m
>> single electron calculations: done
Optical Element Setup: CRL Focal Length: 46.1 m
Optical Element Setup: CRL Focal Length: 15.0 m
Optical Element Setup: CRL Focal Length: 26.5 m
Optical Element Setup: CRL Focal Length: 22.2 m
>> single electron calculations: done
Optical Element Setup: CRL Focal Length: 46.1 m
Optical Element Setup: CRL Focal Length: 15.0 m
Optical Element Setup: CRL Focal Length: 26.5 m
Optical Element Setup: CRL Focal Length: 22.2 m
>> single electron calculations: done
Optical Element Setup: CRL Focal Length: 46.1 m
Optical Element Setup: CRL Focal Length: 15.0 m
Optical Element Setup: CRL Focal Length: 26.5 m
Optical Element Setup: CRL Focal Length: 22.2 m
>> single electron calculations: done
Optical Element Setup: CRL Focal Length: 46.1 m
Optical Element Setup: CRL Focal Length: 15.0 m
Optical Element Setup: CRL Focal Length: 26.5 m
Optical Element Setup: CRL Focal Length: 22.2 m
>> single electron calculations: done
Optical Element Setup: CRL Focal Length: 46.1 m
Optical Element Setup: CRL Focal Length: 15.0 m
Optical Element Setup: CRL Focal Length: 26.5 m
Optical Element Setup: CRL Focal Length: 22.2 m
>> single electron calculations: done
Optical Element Setup: CRL Focal Length: 46.1 m
Optical Element Setup: CRL Focal Length: 15.0 m
Optical Element Setup: CRL Focal Length: 26.5 m
Optical Element Setup: CRL Focal Length: 22.2 m
>> single electron calculations: done
Optical Element Setup: CRL Focal Length: 46.1 m
Optical Element Setup: CRL Focal Length: 15.0 m
Optical Element Setup: CRL Focal Length: 26.5 m
Optical Element Setup: CRL Focal Length: 22.2 m
>> single electron calculations: done
Optical Element Setup: CRL Focal Length: 46.1 m
Optical Element Setup: CRL Focal Length: 15.0 m
Optical Element Setup: CRL Focal Length: 26.5 m
Optical Element Setup: CRL Focal Length: 22.2 m
>> single electron calculations: done
Optical Element Setup: CRL Focal Length: 46.1 m
Optical Element Setup: CRL Focal Length: 15.0 m
Optical Element Setup: CRL Focal Length: 26.5 m
Optical Element Setup: CRL Focal Length: 22.2 m
>> single electron calculations: done
Optical Element Setup: CRL Focal Length: 46.1 m
Optical Element Setup: CRL Focal Length: 15.0 m
Optical Element Setup: CRL Focal Length: 26.5 m
Optical Element Setup: CRL Focal Length: 22.2 m
>> single electron calculations: done
Optical Element Setup: CRL Focal Length: 46.1 m
Optical Element Setup: CRL Focal Length: 15.0 m
Optical Element Setup: CRL Focal Length: 26.5 m
Optical Element Setup: CRL Focal Length: 22.2 m
>> single electron calculations: done
Optical Element Setup: CRL Focal Length: 46.1 m
Optical Element Setup: CRL Focal Length: 15.0 m
Optical Element Setup: CRL Focal Length: 26.5 m
Optical Element Setup: CRL Focal Length: 22.2 m
>> single electron calculations: done
Optical Element Setup: CRL Focal Length: 46.1 m
Optical Element Setup: CRL Focal Length: 15.0 m
Optical Element Setup: CRL Focal Length: 26.5 m
Optical Element Setup: CRL Focal Length: 22.2 m
>> single electron calculations: done
Optical Element Setup: CRL Focal Length: 46.1 m
Optical Element Setup: CRL Focal Length: 15.0 m
Optical Element Setup: CRL Focal Length: 26.5 m
Optical Element Setup: CRL Focal Length: 22.2 m
>> single electron calculations: done
Optical Element Setup: CRL Focal Length: 46.1 m
Optical Element Setup: CRL Focal Length: 15.0 m
Optical Element Setup: CRL Focal Length: 26.5 m
Optical Element Setup: CRL Focal Length: 22.2 m
>> single electron calculations: done
Optical Element Setup: CRL Focal Length: 46.1 m
Optical Element Setup: CRL Focal Length: 15.0 m
Optical Element Setup: CRL Focal Length: 26.5 m
Optical Element Setup: CRL Focal Length: 22.2 m
>> single electron calculations: done
##################################
# transfocators paper: config 01 #
##################################
- Performing Initial Electric Field calculation ... 
Initial wavefront:
Nx = 154, Ny = 154
dx = 12.9870 um, dy = 12.9870 um
range x = 2.0000 mm, range y = 2.0000 mm
- Wavefront curvature:
SRW native calculation: Rx = 35.995611, Ry = 35.995611
Optical Element Setup: CRL Focal Length: 46.1 m
Optical Element Setup: CRL Focal Length: 15.0 m
Optical Element Setup: CRL Focal Length: 26.5 m
Optical Element Setup: CRL Focal Length: 22.2 m
- Simulating Electric Field Wavefront Propagation ... 
Initial wavefront:
Nx = 2310, Ny = 2310
dx = 1.4649 um, dy = 3.0177 um
range x = 3.3840 mm, range y = 6.9709 mm
- Wavefront curvature:
SRW native calculation: Rx = -17.729669, Ry = -29.985831
>> single electron calculations: done
- Simulating Partially-Coherent Wavefront Propagation... 
>> multi electron electron calculations: done
>>>> Elapsed time: 1h 6min 25.69463324546814s 
